{"/home/kenny/dev/TIC/TIC-Laboratorios/src/ecs/components/Transform.ts": {"path":"/home/kenny/dev/TIC/TIC-Laboratorios/src/ecs/components/Transform.ts","statementMap":{"0":{"start":{"line":10,"column":8},"end":{"line":10,"column":null}},"1":{"start":{"line":5,"column":15},"end":{"line":5,"column":null}},"2":{"start":{"line":6,"column":15},"end":{"line":6,"column":null}},"3":{"start":{"line":7,"column":15},"end":{"line":7,"column":null}},"4":{"start":{"line":8,"column":15},"end":{"line":8,"column":null}}},"fnMap":{"0":{"name":"(anonymous_0)","decl":{"start":{"line":4,"column":4},"end":{"line":4,"column":null}},"loc":{"start":{"line":9,"column":5},"end":{"line":11,"column":null}},"line":9}},"branchMap":{},"s":{"0":26,"1":26,"2":26,"3":26,"4":26},"f":{"0":26},"b":{},"meta":{"lastBranch":0,"lastFunction":1,"lastStatement":5,"seen":{"f:4:4:4:Infinity":0,"s:10:8:10:Infinity":0,"s:5:15:5:Infinity":1,"s:6:15:6:Infinity":2,"s:7:15:7:Infinity":3,"s:8:15:8:Infinity":4}}}
,"/home/kenny/dev/TIC/TIC-Laboratorios/src/ecs/components/Velocidad.ts": {"path":"/home/kenny/dev/TIC/TIC-Laboratorios/src/ecs/components/Velocidad.ts","statementMap":{"0":{"start":{"line":8,"column":8},"end":{"line":8,"column":null}},"1":{"start":{"line":5,"column":15},"end":{"line":5,"column":null}},"2":{"start":{"line":6,"column":15},"end":{"line":6,"column":null}}},"fnMap":{"0":{"name":"(anonymous_0)","decl":{"start":{"line":4,"column":4},"end":{"line":4,"column":null}},"loc":{"start":{"line":7,"column":5},"end":{"line":9,"column":null}},"line":7}},"branchMap":{},"s":{"0":14,"1":14,"2":14},"f":{"0":14},"b":{},"meta":{"lastBranch":0,"lastFunction":1,"lastStatement":3,"seen":{"f:4:4:4:Infinity":0,"s:8:8:8:Infinity":0,"s:5:15:5:Infinity":1,"s:6:15:6:Infinity":2}}}
,"/home/kenny/dev/TIC/TIC-Laboratorios/src/ecs/components/index.ts": {"path":"/home/kenny/dev/TIC/TIC-Laboratorios/src/ecs/components/index.ts","statementMap":{},"fnMap":{},"branchMap":{},"s":{},"f":{},"b":{},"meta":{"lastBranch":0,"lastFunction":0,"lastStatement":0,"seen":{}}}
,"/home/kenny/dev/TIC/TIC-Laboratorios/src/ecs/core/Componente.ts": {"path":"/home/kenny/dev/TIC/TIC-Laboratorios/src/ecs/core/Componente.ts","statementMap":{"0":{"start":{"line":8,"column":18},"end":{"line":8,"column":null}},"1":{"start":{"line":11,"column":8},"end":{"line":11,"column":null}},"2":{"start":{"line":15,"column":8},"end":{"line":15,"column":null}},"3":{"start":{"line":19,"column":8},"end":{"line":19,"column":null}},"4":{"start":{"line":23,"column":8},"end":{"line":25,"column":null}},"5":{"start":{"line":24,"column":12},"end":{"line":24,"column":null}},"6":{"start":{"line":24,"column":37},"end":{"line":24,"column":null}},"7":{"start":{"line":26,"column":8},"end":{"line":26,"column":null}},"8":{"start":{"line":30,"column":8},"end":{"line":30,"column":null}}},"fnMap":{"0":{"name":"(anonymous_0)","decl":{"start":{"line":10,"column":11},"end":{"line":10,"column":19}},"loc":{"start":{"line":10,"column":49},"end":{"line":12,"column":null}},"line":10},"1":{"name":"(anonymous_1)","decl":{"start":{"line":14,"column":11},"end":{"line":14,"column":38}},"loc":{"start":{"line":14,"column":78},"end":{"line":16,"column":null}},"line":14},"2":{"name":"(anonymous_2)","decl":{"start":{"line":18,"column":11},"end":{"line":18,"column":17}},"loc":{"start":{"line":18,"column":53},"end":{"line":20,"column":null}},"line":18},"3":{"name":"(anonymous_3)","decl":{"start":{"line":22,"column":11},"end":{"line":22,"column":22}},"loc":{"start":{"line":22,"column":69},"end":{"line":27,"column":null}},"line":22},"4":{"name":"(anonymous_4)","decl":{"start":{"line":29,"column":11},"end":{"line":29,"column":20}},"loc":{"start":{"line":29,"column":53},"end":{"line":31,"column":null}},"line":29}},"branchMap":{"0":{"loc":{"start":{"line":24,"column":12},"end":{"line":24,"column":null}},"type":"if","locations":[{"start":{"line":24,"column":12},"end":{"line":24,"column":null}},{"start":{},"end":{}}],"line":24}},"s":{"0":37,"1":42,"2":33,"3":12,"4":26,"5":42,"6":13,"7":13,"8":6},"f":{"0":42,"1":33,"2":12,"3":26,"4":6},"b":{"0":[13,29]},"meta":{"lastBranch":1,"lastFunction":5,"lastStatement":9,"seen":{"s:8:18:8:Infinity":0,"f:10:11:10:19":0,"s:11:8:11:Infinity":1,"f:14:11:14:38":1,"s:15:8:15:Infinity":2,"f:18:11:18:17":2,"s:19:8:19:Infinity":3,"f:22:11:22:22":3,"s:23:8:25:Infinity":4,"b:24:12:24:Infinity:undefined:undefined:undefined:undefined":0,"s:24:12:24:Infinity":5,"s:24:37:24:Infinity":6,"s:26:8:26:Infinity":7,"f:29:11:29:20":4,"s:30:8:30:Infinity":8}}}
,"/home/kenny/dev/TIC/TIC-Laboratorios/src/ecs/core/ECSManager.ts": {"path":"/home/kenny/dev/TIC/TIC-Laboratorios/src/ecs/core/ECSManager.ts","statementMap":{"0":{"start":{"line":5,"column":24},"end":{"line":5,"column":null}},"1":{"start":{"line":6,"column":23},"end":{"line":6,"column":null}},"2":{"start":{"line":8,"column":41},"end":{"line":8,"column":null}},"3":{"start":{"line":9,"column":33},"end":{"line":9,"column":null}},"4":{"start":{"line":14,"column":22},"end":{"line":14,"column":null}},"5":{"start":{"line":15,"column":8},"end":{"line":15,"column":null}},"6":{"start":{"line":16,"column":8},"end":{"line":16,"column":null}},"7":{"start":{"line":17,"column":8},"end":{"line":17,"column":null}},"8":{"start":{"line":21,"column":8},"end":{"line":21,"column":null}},"9":{"start":{"line":27,"column":8},"end":{"line":27,"column":null}},"10":{"start":{"line":28,"column":8},"end":{"line":28,"column":null}},"11":{"start":{"line":32,"column":8},"end":{"line":32,"column":null}},"12":{"start":{"line":36,"column":8},"end":{"line":36,"column":null}},"13":{"start":{"line":37,"column":8},"end":{"line":37,"column":null}},"14":{"start":{"line":43,"column":8},"end":{"line":46,"column":null}},"15":{"start":{"line":44,"column":12},"end":{"line":44,"column":null}},"16":{"start":{"line":45,"column":12},"end":{"line":45,"column":null}},"17":{"start":{"line":48,"column":8},"end":{"line":48,"column":null}},"18":{"start":{"line":50,"column":8},"end":{"line":50,"column":null}},"19":{"start":{"line":51,"column":8},"end":{"line":53,"column":null}},"20":{"start":{"line":52,"column":12},"end":{"line":52,"column":null}},"21":{"start":{"line":57,"column":8},"end":{"line":57,"column":null}},"22":{"start":{"line":61,"column":8},"end":{"line":63,"column":null}},"23":{"start":{"line":62,"column":12},"end":{"line":62,"column":null}},"24":{"start":{"line":64,"column":8},"end":{"line":69,"column":null}},"25":{"start":{"line":65,"column":28},"end":{"line":65,"column":null}},"26":{"start":{"line":66,"column":12},"end":{"line":68,"column":null}},"27":{"start":{"line":67,"column":16},"end":{"line":67,"column":null}},"28":{"start":{"line":75,"column":8},"end":{"line":75,"column":null}},"29":{"start":{"line":76,"column":8},"end":{"line":78,"column":null}},"30":{"start":{"line":77,"column":12},"end":{"line":77,"column":null}},"31":{"start":{"line":82,"column":8},"end":{"line":84,"column":null}},"32":{"start":{"line":83,"column":12},"end":{"line":83,"column":null}},"33":{"start":{"line":88,"column":34},"end":{"line":88,"column":null}},"34":{"start":{"line":89,"column":36},"end":{"line":89,"column":null}},"35":{"start":{"line":90,"column":8},"end":{"line":94,"column":null}},"36":{"start":{"line":91,"column":12},"end":{"line":91,"column":null}},"37":{"start":{"line":93,"column":12},"end":{"line":93,"column":null}}},"fnMap":{"0":{"name":"(anonymous_0)","decl":{"start":{"line":13,"column":11},"end":{"line":13,"column":37}},"loc":{"start":{"line":13,"column":37},"end":{"line":18,"column":null}},"line":13},"1":{"name":"(anonymous_1)","decl":{"start":{"line":20,"column":11},"end":{"line":20,"column":26}},"loc":{"start":{"line":20,"column":50},"end":{"line":22,"column":null}},"line":20},"2":{"name":"(anonymous_2)","decl":{"start":{"line":26,"column":11},"end":{"line":26,"column":29}},"loc":{"start":{"line":26,"column":77},"end":{"line":29,"column":null}},"line":26},"3":{"name":"(anonymous_3)","decl":{"start":{"line":31,"column":11},"end":{"line":31,"column":26}},"loc":{"start":{"line":31,"column":77},"end":{"line":33,"column":null}},"line":31},"4":{"name":"(anonymous_4)","decl":{"start":{"line":35,"column":11},"end":{"line":35,"column":29}},"loc":{"start":{"line":35,"column":80},"end":{"line":38,"column":null}},"line":35},"5":{"name":"(anonymous_5)","decl":{"start":{"line":42,"column":11},"end":{"line":42,"column":26}},"loc":{"start":{"line":42,"column":50},"end":{"line":54,"column":null}},"line":42},"6":{"name":"(anonymous_6)","decl":{"start":{"line":56,"column":11},"end":{"line":56,"column":26}},"loc":{"start":{"line":56,"column":50},"end":{"line":58,"column":null}},"line":56},"7":{"name":"(anonymous_7)","decl":{"start":{"line":60,"column":11},"end":{"line":60,"column":30}},"loc":{"start":{"line":60,"column":30},"end":{"line":70,"column":null}},"line":60},"8":{"name":"(anonymous_8)","decl":{"start":{"line":74,"column":12},"end":{"line":74,"column":28}},"loc":{"start":{"line":74,"column":52},"end":{"line":79,"column":null}},"line":74},"9":{"name":"(anonymous_9)","decl":{"start":{"line":81,"column":12},"end":{"line":81,"column":29}},"loc":{"start":{"line":81,"column":53},"end":{"line":85,"column":null}},"line":81},"10":{"name":"(anonymous_10)","decl":{"start":{"line":87,"column":12},"end":{"line":87,"column":36}},"loc":{"start":{"line":87,"column":78},"end":{"line":95,"column":null}},"line":87}},"branchMap":{"0":{"loc":{"start":{"line":43,"column":8},"end":{"line":46,"column":null}},"type":"if","locations":[{"start":{"line":43,"column":8},"end":{"line":46,"column":null}},{"start":{},"end":{}}],"line":43},"1":{"loc":{"start":{"line":66,"column":12},"end":{"line":68,"column":null}},"type":"if","locations":[{"start":{"line":66,"column":12},"end":{"line":68,"column":null}},{"start":{},"end":{}}],"line":66},"2":{"loc":{"start":{"line":90,"column":8},"end":{"line":94,"column":null}},"type":"if","locations":[{"start":{"line":90,"column":8},"end":{"line":94,"column":null}},{"start":{"line":92,"column":15},"end":{"line":94,"column":null}}],"line":90}},"s":{"0":21,"1":21,"2":21,"3":21,"4":21,"5":21,"6":21,"7":21,"8":6,"9":24,"10":24,"11":25,"12":3,"13":3,"14":13,"15":0,"16":0,"17":13,"18":13,"19":13,"20":1,"21":1,"22":17,"23":16,"24":17,"25":6,"26":6,"27":6,"28":6,"29":6,"30":1,"31":27,"32":21,"33":22,"34":22,"35":22,"36":10,"37":12},"f":{"0":21,"1":6,"2":24,"3":25,"4":3,"5":13,"6":1,"7":17,"8":6,"9":27,"10":22},"b":{"0":[0,13],"1":[6,0],"2":[10,12]},"meta":{"lastBranch":3,"lastFunction":11,"lastStatement":38,"seen":{"s:5:24:5:Infinity":0,"s:6:23:6:Infinity":1,"s:8:41:8:Infinity":2,"s:9:33:9:Infinity":3,"f:13:11:13:37":0,"s:14:22:14:Infinity":4,"s:15:8:15:Infinity":5,"s:16:8:16:Infinity":6,"s:17:8:17:Infinity":7,"f:20:11:20:26":1,"s:21:8:21:Infinity":8,"f:26:11:26:29":2,"s:27:8:27:Infinity":9,"s:28:8:28:Infinity":10,"f:31:11:31:26":3,"s:32:8:32:Infinity":11,"f:35:11:35:29":4,"s:36:8:36:Infinity":12,"s:37:8:37:Infinity":13,"f:42:11:42:26":5,"b:43:8:46:Infinity:undefined:undefined:undefined:undefined":0,"s:43:8:46:Infinity":14,"s:44:12:44:Infinity":15,"s:45:12:45:Infinity":16,"s:48:8:48:Infinity":17,"s:50:8:50:Infinity":18,"s:51:8:53:Infinity":19,"s:52:12:52:Infinity":20,"f:56:11:56:26":6,"s:57:8:57:Infinity":21,"f:60:11:60:30":7,"s:61:8:63:Infinity":22,"s:62:12:62:Infinity":23,"s:64:8:69:Infinity":24,"s:65:28:65:Infinity":25,"b:66:12:68:Infinity:undefined:undefined:undefined:undefined":1,"s:66:12:68:Infinity":26,"s:67:16:67:Infinity":27,"f:74:12:74:28":8,"s:75:8:75:Infinity":28,"s:76:8:78:Infinity":29,"s:77:12:77:Infinity":30,"f:81:12:81:29":9,"s:82:8:84:Infinity":31,"s:83:12:83:Infinity":32,"f:87:12:87:36":10,"s:88:34:88:Infinity":33,"s:89:36:89:Infinity":34,"b:90:8:94:Infinity:92:15:94:Infinity":2,"s:90:8:94:Infinity":35,"s:91:12:91:Infinity":36,"s:93:12:93:Infinity":37}}}
,"/home/kenny/dev/TIC/TIC-Laboratorios/src/ecs/core/Sistema.ts": {"path":"/home/kenny/dev/TIC/TIC-Laboratorios/src/ecs/core/Sistema.ts","statementMap":{},"fnMap":{},"branchMap":{},"s":{},"f":{},"b":{},"meta":{"lastBranch":0,"lastFunction":0,"lastStatement":0,"seen":{}}}
,"/home/kenny/dev/TIC/TIC-Laboratorios/src/ecs/core/index.ts": {"path":"/home/kenny/dev/TIC/TIC-Laboratorios/src/ecs/core/index.ts","statementMap":{},"fnMap":{},"branchMap":{},"s":{},"f":{},"b":{},"meta":{"lastBranch":0,"lastFunction":0,"lastStatement":0,"seen":{}}}
,"/home/kenny/dev/TIC/TIC-Laboratorios/src/ecs/systems/SistemaAtaque.ts": {"path":"/home/kenny/dev/TIC/TIC-Laboratorios/src/ecs/systems/SistemaAtaque.ts","statementMap":{"0":{"start":{"line":4,"column":35},"end":{"line":4,"column":43}},"1":{"start":{"line":4,"column":23},"end":{"line":4,"column":33}},"2":{"start":{"line":9,"column":50},"end":{"line":9,"column":null}},"3":{"start":{"line":10,"column":44},"end":{"line":10,"column":null}},"4":{"start":{"line":13,"column":8},"end":{"line":13,"column":null}}},"fnMap":{"0":{"name":"(anonymous_0)","decl":{"start":{"line":4,"column":4},"end":{"line":4,"column":23}},"loc":{"start":{"line":4,"column":33},"end":{"line":4,"column":null}},"line":4},"1":{"name":"(anonymous_1)","decl":{"start":{"line":12,"column":11},"end":{"line":12,"column":22}},"loc":{"start":{"line":12,"column":53},"end":{"line":14,"column":null}},"line":12}},"branchMap":{},"s":{"0":2,"1":2,"2":3,"3":3,"4":3},"f":{"0":2,"1":3},"b":{},"meta":{"lastBranch":0,"lastFunction":2,"lastStatement":5,"seen":{"f:4:4:4:23":0,"s:4:35:4:43":0,"s:4:23:4:33":1,"s:9:50:9:Infinity":2,"s:10:44:10:Infinity":3,"f:12:11:12:22":1,"s:13:8:13:Infinity":4}}}
,"/home/kenny/dev/TIC/TIC-Laboratorios/src/ecs/systems/SistemaMovimiento.ts": {"path":"/home/kenny/dev/TIC/TIC-Laboratorios/src/ecs/systems/SistemaMovimiento.ts","statementMap":{"0":{"start":{"line":5,"column":35},"end":{"line":5,"column":null}},"1":{"start":{"line":6,"column":39},"end":{"line":6,"column":null}},"2":{"start":{"line":9,"column":8},"end":{"line":9,"column":null}},"3":{"start":{"line":11,"column":8},"end":{"line":20,"column":null}},"4":{"start":{"line":12,"column":32},"end":{"line":12,"column":null}},"5":{"start":{"line":13,"column":12},"end":{"line":13,"column":null}},"6":{"start":{"line":13,"column":30},"end":{"line":13,"column":null}},"7":{"start":{"line":15,"column":24},"end":{"line":15,"column":null}},"8":{"start":{"line":16,"column":24},"end":{"line":16,"column":null}},"9":{"start":{"line":18,"column":12},"end":{"line":18,"column":null}},"10":{"start":{"line":19,"column":12},"end":{"line":19,"column":null}}},"fnMap":{"0":{"name":"(anonymous_0)","decl":{"start":{"line":8,"column":11},"end":{"line":8,"column":22}},"loc":{"start":{"line":8,"column":53},"end":{"line":21,"column":null}},"line":8}},"branchMap":{"0":{"loc":{"start":{"line":13,"column":12},"end":{"line":13,"column":null}},"type":"if","locations":[{"start":{"line":13,"column":12},"end":{"line":13,"column":null}},{"start":{},"end":{}}],"line":13}},"s":{"0":10,"1":10,"2":13,"3":13,"4":10,"5":10,"6":0,"7":10,"8":10,"9":10,"10":10},"f":{"0":13},"b":{"0":[0,10]},"meta":{"lastBranch":1,"lastFunction":1,"lastStatement":11,"seen":{"s:5:35:5:Infinity":0,"s:6:39:6:Infinity":1,"f:8:11:8:22":0,"s:9:8:9:Infinity":2,"s:11:8:20:Infinity":3,"s:12:32:12:Infinity":4,"b:13:12:13:Infinity:undefined:undefined:undefined:undefined":0,"s:13:12:13:Infinity":5,"s:13:30:13:Infinity":6,"s:15:24:15:Infinity":7,"s:16:24:16:Infinity":8,"s:18:12:18:Infinity":9,"s:19:12:19:Infinity":10}}}
,"/home/kenny/dev/TIC/TIC-Laboratorios/src/ecs/systems/index.ts": {"path":"/home/kenny/dev/TIC/TIC-Laboratorios/src/ecs/systems/index.ts","statementMap":{},"fnMap":{},"branchMap":{},"s":{},"f":{},"b":{},"meta":{"lastBranch":0,"lastFunction":0,"lastStatement":0,"seen":{}}}
}
